c:\users\administrator\desktop\jm19.0\jm\bin\ldecod.bsc
c:\users\administrator\desktop\jm19.0\jm\bin\mv_prediction.sbr
c:\users\administrator\desktop\jm19.0\jm\ldecod\debug_x64_vc11\mv_prediction.obj
c:\users\administrator\desktop\jm19.0\jm\bin\fmo.sbr
c:\users\administrator\desktop\jm19.0\jm\ldecod\debug_x64_vc11\fmo.obj
c:\users\administrator\desktop\jm19.0\jm\bin\macroblock.sbr
c:\users\administrator\desktop\jm19.0\jm\ldecod\debug_x64_vc11\macroblock.obj
c:\users\administrator\desktop\jm19.0\jm\bin\sei.sbr
c:\users\administrator\desktop\jm19.0\jm\ldecod\debug_x64_vc11\sei.obj
c:\users\administrator\desktop\jm19.0\jm\bin\config_common.sbr
c:\users\administrator\desktop\jm19.0\jm\ldecod\debug_x64_vc11\config_common.obj
c:\users\administrator\desktop\jm19.0\jm\bin\block.sbr
c:\users\administrator\desktop\jm19.0\jm\ldecod\debug_x64_vc11\block.obj
c:\users\administrator\desktop\jm19.0\jm\bin\intra_chroma_pred_mbaff.sbr
c:\users\administrator\desktop\jm19.0\jm\ldecod\debug_x64_vc11\intra_chroma_pred_mbaff.obj
c:\users\administrator\desktop\jm19.0\jm\bin\nalu.sbr
c:\users\administrator\desktop\jm19.0\jm\ldecod\debug_x64_vc11\nalu.obj
c:\users\administrator\desktop\jm19.0\jm\bin\mbuffer_common.sbr
c:\users\administrator\desktop\jm19.0\jm\ldecod\debug_x64_vc11\mbuffer_common.obj
c:\users\administrator\desktop\jm19.0\jm\bin\intra16x16_pred_mbaff.sbr
c:\users\administrator\desktop\jm19.0\jm\ldecod\debug_x64_vc11\intra16x16_pred_mbaff.obj
c:\users\administrator\desktop\jm19.0\jm\bin\loop_filter_normal.sbr
c:\users\administrator\desktop\jm19.0\jm\ldecod\debug_x64_vc11\loop_filter_normal.obj
c:\users\administrator\desktop\jm19.0\jm\bin\read_comp_cavlc.sbr
c:\users\administrator\desktop\jm19.0\jm\ldecod\debug_x64_vc11\read_comp_cavlc.obj
c:\users\administrator\desktop\jm19.0\jm\bin\transform.sbr
c:\users\administrator\desktop\jm19.0\jm\ldecod\debug_x64_vc11\transform.obj
c:\users\administrator\desktop\jm19.0\jm\bin\dec_statistics.sbr
c:\users\administrator\desktop\jm19.0\jm\ldecod\debug_x64_vc11\dec_statistics.obj
c:\users\administrator\desktop\jm19.0\jm\bin\loop_filter_mbaff.sbr
c:\users\administrator\desktop\jm19.0\jm\ldecod\debug_x64_vc11\loop_filter_mbaff.obj
c:\users\administrator\desktop\jm19.0\jm\bin\quant.sbr
c:\users\administrator\desktop\jm19.0\jm\ldecod\debug_x64_vc11\quant.obj
c:\users\administrator\desktop\jm19.0\jm\bin\annexb.sbr
c:\users\administrator\desktop\jm19.0\jm\ldecod\debug_x64_vc11\annexb.obj
c:\users\administrator\desktop\jm19.0\jm\bin\filehandle.sbr
c:\users\administrator\desktop\jm19.0\jm\ldecod\debug_x64_vc11\filehandle.obj
c:\users\administrator\desktop\jm19.0\jm\bin\intra_pred_common.sbr
c:\users\administrator\desktop\jm19.0\jm\ldecod\debug_x64_vc11\intra_pred_common.obj
c:\users\administrator\desktop\jm19.0\jm\bin\nal.sbr
c:\users\administrator\desktop\jm19.0\jm\ldecod\debug_x64_vc11\nal.obj
c:\users\administrator\desktop\jm19.0\jm\bin\io_tiff.sbr
c:\users\administrator\desktop\jm19.0\jm\ldecod\debug_x64_vc11\io_tiff.obj
c:\users\administrator\desktop\jm19.0\jm\bin\erc_do_p.sbr
c:\users\administrator\desktop\jm19.0\jm\ldecod\debug_x64_vc11\erc_do_p.obj
c:\users\administrator\desktop\jm19.0\jm\bin\intra4x4_pred_normal.sbr
c:\users\administrator\desktop\jm19.0\jm\ldecod\debug_x64_vc11\intra4x4_pred_normal.obj
c:\users\administrator\desktop\jm19.0\jm\bin\mb_read.sbr
c:\users\administrator\desktop\jm19.0\jm\ldecod\debug_x64_vc11\mb_read.obj
c:\users\administrator\desktop\jm19.0\jm\bin\nalucommon.sbr
c:\users\administrator\desktop\jm19.0\jm\ldecod\debug_x64_vc11\nalucommon.obj
c:\users\administrator\desktop\jm19.0\jm\bin\errorconcealment.sbr
c:\users\administrator\desktop\jm19.0\jm\ldecod\debug_x64_vc11\errorconcealment.obj
c:\users\administrator\desktop\jm19.0\jm\bin\loopfilter.sbr
c:\users\administrator\desktop\jm19.0\jm\ldecod\debug_x64_vc11\loopfilter.obj
c:\users\administrator\desktop\jm19.0\jm\bin\parset.sbr
c:\users\administrator\desktop\jm19.0\jm\ldecod\debug_x64_vc11\parset.obj
c:\users\administrator\desktop\jm19.0\jm\bin\parsetcommon.sbr
c:\users\administrator\desktop\jm19.0\jm\ldecod\debug_x64_vc11\parsetcommon.obj
c:\users\administrator\desktop\jm19.0\jm\bin\image.sbr
c:\users\administrator\desktop\jm19.0\jm\ldecod\debug_x64_vc11\image.obj
c:\users\administrator\desktop\jm19.0\jm\bin\leaky_bucket.sbr
c:\users\administrator\desktop\jm19.0\jm\ldecod\debug_x64_vc11\leaky_bucket.obj
c:\users\administrator\desktop\jm19.0\jm\bin\mc_direct.sbr
c:\users\administrator\desktop\jm19.0\jm\ldecod\debug_x64_vc11\mc_direct.obj
c:\users\administrator\desktop\jm19.0\jm\bin\biaridecod.sbr
c:\users\administrator\desktop\jm19.0\jm\ldecod\debug_x64_vc11\biaridecod.obj
c:\users\administrator\desktop\jm19.0\jm\bin\erc_api.sbr
c:\users\administrator\desktop\jm19.0\jm\ldecod\debug_x64_vc11\erc_api.obj
c:\users\administrator\desktop\jm19.0\jm\bin\intra4x4_pred_mbaff.sbr
c:\users\administrator\desktop\jm19.0\jm\ldecod\debug_x64_vc11\intra4x4_pred_mbaff.obj
c:\users\administrator\desktop\jm19.0\jm\bin\mbuffer.sbr
c:\users\administrator\desktop\jm19.0\jm\ldecod\debug_x64_vc11\mbuffer.obj
c:\users\administrator\desktop\jm19.0\jm\bin\transform8x8.sbr
c:\users\administrator\desktop\jm19.0\jm\ldecod\debug_x64_vc11\transform8x8.obj
c:\users\administrator\desktop\jm19.0\jm\bin\blk_prediction.sbr
c:\users\administrator\desktop\jm19.0\jm\ldecod\debug_x64_vc11\blk_prediction.obj
c:\users\administrator\desktop\jm19.0\jm\bin\erc_do_i.sbr
c:\users\administrator\desktop\jm19.0\jm\ldecod\debug_x64_vc11\erc_do_i.obj
c:\users\administrator\desktop\jm19.0\jm\bin\intra8x8_pred_normal.sbr
c:\users\administrator\desktop\jm19.0\jm\ldecod\debug_x64_vc11\intra8x8_pred_normal.obj
c:\users\administrator\desktop\jm19.0\jm\bin\output.sbr
c:\users\administrator\desktop\jm19.0\jm\ldecod\debug_x64_vc11\output.obj
c:\users\administrator\desktop\jm19.0\jm\bin\input.sbr
c:\users\administrator\desktop\jm19.0\jm\ldecod\debug_x64_vc11\input.obj
c:\users\administrator\desktop\jm19.0\jm\bin\intra16x16_pred.sbr
c:\users\administrator\desktop\jm19.0\jm\ldecod\debug_x64_vc11\intra16x16_pred.obj
c:\users\administrator\desktop\jm19.0\jm\bin\intra_chroma_pred.sbr
c:\users\administrator\desktop\jm19.0\jm\ldecod\debug_x64_vc11\intra_chroma_pred.obj
c:\users\administrator\desktop\jm19.0\jm\bin\read_comp_cabac.sbr
c:\users\administrator\desktop\jm19.0\jm\ldecod\debug_x64_vc11\read_comp_cabac.obj
c:\users\administrator\desktop\jm19.0\jm\bin\img_io.sbr
c:\users\administrator\desktop\jm19.0\jm\ldecod\debug_x64_vc11\img_io.obj
c:\users\administrator\desktop\jm19.0\jm\bin\context_ini.sbr
c:\users\administrator\desktop\jm19.0\jm\ldecod\debug_x64_vc11\context_ini.obj
c:\users\administrator\desktop\jm19.0\jm\bin\intra8x8_pred.sbr
c:\users\administrator\desktop\jm19.0\jm\ldecod\debug_x64_vc11\intra8x8_pred.obj
c:\users\administrator\desktop\jm19.0\jm\bin\mbuffer_mvc.sbr
c:\users\administrator\desktop\jm19.0\jm\ldecod\debug_x64_vc11\mbuffer_mvc.obj
c:\users\administrator\desktop\jm19.0\jm\bin\img_process.sbr
c:\users\administrator\desktop\jm19.0\jm\ldecod\debug_x64_vc11\img_process.obj
c:\users\administrator\desktop\jm19.0\jm\bin\cabac.sbr
c:\users\administrator\desktop\jm19.0\jm\ldecod\debug_x64_vc11\cabac.obj
c:\users\administrator\desktop\jm19.0\jm\bin\intra8x8_pred_mbaff.sbr
c:\users\administrator\desktop\jm19.0\jm\ldecod\debug_x64_vc11\intra8x8_pred_mbaff.obj
c:\users\administrator\desktop\jm19.0\jm\bin\mb_prediction.sbr
c:\users\administrator\desktop\jm19.0\jm\ldecod\debug_x64_vc11\mb_prediction.obj
c:\users\administrator\desktop\jm19.0\jm\bin\win32.sbr
c:\users\administrator\desktop\jm19.0\jm\ldecod\debug_x64_vc11\win32.obj
c:\users\administrator\desktop\jm19.0\jm\bin\configfile.sbr
c:\users\administrator\desktop\jm19.0\jm\ldecod\debug_x64_vc11\configfile.obj
c:\users\administrator\desktop\jm19.0\jm\bin\intra4x4_pred.sbr
c:\users\administrator\desktop\jm19.0\jm\ldecod\debug_x64_vc11\intra4x4_pred.obj
c:\users\administrator\desktop\jm19.0\jm\bin\mb_access.sbr
c:\users\administrator\desktop\jm19.0\jm\ldecod\debug_x64_vc11\mb_access.obj
c:\users\administrator\desktop\jm19.0\jm\bin\vlc.sbr
c:\users\administrator\desktop\jm19.0\jm\ldecod\debug_x64_vc11\vlc.obj
c:\users\administrator\desktop\jm19.0\jm\bin\memalloc.sbr
c:\users\administrator\desktop\jm19.0\jm\ldecod\debug_x64_vc11\memalloc.obj
c:\users\administrator\desktop\jm19.0\jm\bin\header.sbr
c:\users\administrator\desktop\jm19.0\jm\ldecod\debug_x64_vc11\header.obj
c:\users\administrator\desktop\jm19.0\jm\bin\ldecod.sbr
c:\users\administrator\desktop\jm19.0\jm\ldecod\debug_x64_vc11\ldecod.obj
c:\users\administrator\desktop\jm19.0\jm\bin\rtp.sbr
c:\users\administrator\desktop\jm19.0\jm\ldecod\debug_x64_vc11\rtp.obj
c:\users\administrator\desktop\jm19.0\jm\bin\io_raw.sbr
c:\users\administrator\desktop\jm19.0\jm\ldecod\debug_x64_vc11\io_raw.obj
c:\users\administrator\desktop\jm19.0\jm\bin\decoder_test.sbr
c:\users\administrator\desktop\jm19.0\jm\ldecod\debug_x64_vc11\decoder_test.obj
c:\users\administrator\desktop\jm19.0\jm\bin\intra16x16_pred_normal.sbr
c:\users\administrator\desktop\jm19.0\jm\ldecod\debug_x64_vc11\intra16x16_pred_normal.obj
c:\users\administrator\desktop\jm19.0\jm\bin\mc_prediction.sbr
c:\users\administrator\desktop\jm19.0\jm\ldecod\debug_x64_vc11\mc_prediction.obj
c:\users\administrator\desktop\jm19.0\jm\ldecod\debug_x64_vc11\vc143.pdb
c:\users\administrator\desktop\jm19.0\jm\bin\ldecod.ilk
c:\users\administrator\desktop\jm19.0\jm\bin\ldecod.exe
c:\users\administrator\desktop\jm19.0\jm\ldecod\debug_x64_vc11\ldecod.pdb
c:\users\administrator\desktop\jm19.0\jm\bin\ldecod.tlog\bscmake.command.1.tlog
c:\users\administrator\desktop\jm19.0\jm\bin\ldecod.tlog\bscmake.read.1.tlog
c:\users\administrator\desktop\jm19.0\jm\bin\ldecod.tlog\bscmake.write.1.tlog
c:\users\administrator\desktop\jm19.0\jm\bin\ldecod.tlog\cl.10032.write.1.tlog
c:\users\administrator\desktop\jm19.0\jm\bin\ldecod.tlog\cl.command.1.tlog
c:\users\administrator\desktop\jm19.0\jm\bin\ldecod.tlog\cl.read.1.tlog
c:\users\administrator\desktop\jm19.0\jm\bin\ldecod.tlog\link.command.1.tlog
c:\users\administrator\desktop\jm19.0\jm\bin\ldecod.tlog\link.read.1.tlog
c:\users\administrator\desktop\jm19.0\jm\bin\ldecod.tlog\link.write.1.tlog
